<?xml version="1.0" encoding="UTF-8"?>
<testsuite name="test.java.AlgoTest" tests="7" skipped="0" failures="0" errors="0" timestamp="2018-10-22T06:49:54" hostname="Absols-MacBook-Pro.local" time="0.034">
  <properties/>
  <testcase name="testException" classname="test.java.AlgoTest" time="0.009"/>
  <testcase name="fullCycleTest" classname="test.java.AlgoTest" time="0.017"/>
  <testcase name="testMergeSort" classname="test.java.AlgoTest" time="0.001"/>
  <testcase name="testSelectionSort" classname="test.java.AlgoTest" time="0.001"/>
  <testcase name="testHeapSort" classname="test.java.AlgoTest" time="0.001"/>
  <testcase name="testInsertionSort" classname="test.java.AlgoTest" time="0.001"/>
  <testcase name="testQuickSort" classname="test.java.AlgoTest" time="0.001"/>
  <system-out><![CDATA[]]></system-out>
  <system-err><![CDATA[]]></system-err>
</testsuite>
